<?xml version="1.0" encoding="UTF-8"?>
<!-- Generated by org.testng.reporters.JUnitReportReporter -->
<testsuite hostname="DESKTOP-BM62GV2" failures="0" tests="1" name="NameOfOrganisation.PranayTutorial.FirstTest" time="0.013" errors="0" timestamp="2023-10-19T20:47:53 IST" skipped="0">
  <testcase classname="NameOfOrganisation.PranayTutorial.FirstTest" name="Demo" time="0.013"/>
</testsuite> <!-- NameOfOrganisation.PranayTutorial.FirstTest -->
